#
# There is insufficient memory for the Java Runtime Environment to continue.
# Native memory allocation (mmap) failed to map 65536 bytes for Failed to commit metaspace.
# Possible reasons:
#   The system is out of physical RAM or swap space
#   The process is running with CompressedOops enabled, and the Java Heap may be blocking the growth of the native heap
# Possible solutions:
#   Reduce memory load on the system
#   Increase physical memory or swap space
#   Check if swap backing store is full
#   Decrease Java heap size (-Xmx/-Xms)
#   Decrease number of Java threads
#   Decrease Java thread stack sizes (-Xss)
#   Set larger code cache with -XX:ReservedCodeCacheSize=
#   JVM is running with Unscaled Compressed Oops mode in which the Java heap is
#     placed in the first 4GB address space. The Java Heap base address is the
#     maximum limit for the native heap growth. Please use -XX:HeapBaseMinAddress
#     to set the Java Heap base and to place the Java Heap above 4GB virtual address.
# This output file may be truncated or incomplete.
#
#  Out of Memory Error (virtualSpaceNode.cpp:110), pid=4196, tid=3144
#
# JRE version: OpenJDK Runtime Environment (17.0.6) (build 17.0.6+0-b2043.56-9586694)
# Java VM: OpenJDK 64-Bit Server VM (17.0.6+0-b2043.56-9586694, mixed mode, tiered, compressed oops, compressed class ptrs, g1 gc, windows-amd64)
# No core dump will be written. Minidumps are not enabled by default on client versions of Windows
#

---------------  S U M M A R Y ------------

Command Line: -Dorg.gradle.appname=gradlew org.gradle.wrapper.GradleWrapperMain -q -Ptarget-platform=android-arm,android-arm64,android-x64 -Ptarget=lib\main.dart -Pbase-application-name=android.app.Application -Pdart-obfuscation=false -Ptrack-widget-creation=true -Ptree-shake-icons=true bundleRelease

Host: Intel(R) Core(TM) i7-4600U CPU @ 2.10GHz, 4 cores, 7G,  Windows 10 , 64 bit Build 19041 (10.0.19041.3636)
Time: Tue Jan 16 14:08:09 2024 Pakistan Standard Time elapsed time: 25.890555 seconds (0d 0h 0m 25s)

---------------  T H R E A D  ---------------

Current thread (0x000002ca41829c10):  JavaThread "C1 CompilerThread0" daemon [_thread_in_vm, id=3144, stack(0x000000df42500000,0x000000df42600000)]


Current CompileTask:
C1:  25890 1325       3       java.lang.StringCoding::implEncodeAsciiArray (47 bytes)

Stack: [0x000000df42500000,0x000000df42600000]
Native frames: (J=compiled Java code, j=interpreted, Vv=VM code, C=native code)
V  [jvm.dll+0x683b4a]
V  [jvm.dll+0x842654]
V  [jvm.dll+0x843dfe]
V  [jvm.dll+0x844463]
V  [jvm.dll+0x249b75]
V  [jvm.dll+0x83e6ab]
V  [jvm.dll+0x627fa6]
V  [jvm.dll+0x1c194e]
V  [jvm.dll+0x62a8e1]
V  [jvm.dll+0x628946]
V  [jvm.dll+0x639b9a]
V  [jvm.dll+0x6329aa]
V  [jvm.dll+0x1cdb00]
V  [jvm.dll+0x1cdcf0]
V  [jvm.dll+0x13578e]
V  [jvm.dll+0x135ab6]
V  [jvm.dll+0x134f4a]
V  [jvm.dll+0x136c11]
V  [jvm.dll+0x22b098]
V  [jvm.dll+0x229159]
V  [jvm.dll+0x7f809c]
V  [jvm.dll+0x7f25fa]
V  [jvm.dll+0x682985]
C  [ucrtbase.dll+0x21bb2]
C  [KERNEL32.DLL+0x17344]
C  [ntdll.dll+0x526b1]


---------------  P R O C E S S  ---------------

Threads class SMR info:
_java_thread_list=0x000002ca42cfdeb0, length=15, elements={
0x000002ca27903ea0, 0x000002ca40e26610, 0x000002ca40e27890, 0x000002ca40e38420,
0x000002ca40e38ed0, 0x000002ca40e39880, 0x000002ca418284d0, 0x000002ca41829170,
0x000002ca41829c10, 0x000002ca4187cbb0, 0x000002ca4198d1a0, 0x000002ca41996d30,
0x000002ca42e5aaa0, 0x000002ca42f055e0, 0x000002ca42ee8690
}

Java Threads: ( => current thread )
  0x000002ca27903ea0 JavaThread "main" [_thread_blocked, id=12316, stack(0x000000df41700000,0x000000df41800000)]
  0x000002ca40e26610 JavaThread "Reference Handler" daemon [_thread_blocked, id=14640, stack(0x000000df41e00000,0x000000df41f00000)]
  0x000002ca40e27890 JavaThread "Finalizer" daemon [_thread_blocked, id=17040, stack(0x000000df41f00000,0x000000df42000000)]
  0x000002ca40e38420 JavaThread "Signal Dispatcher" daemon [_thread_blocked, id=15620, stack(0x000000df42000000,0x000000df42100000)]
  0x000002ca40e38ed0 JavaThread "Attach Listener" daemon [_thread_blocked, id=15536, stack(0x000000df42100000,0x000000df42200000)]
  0x000002ca40e39880 JavaThread "Service Thread" daemon [_thread_blocked, id=4732, stack(0x000000df42200000,0x000000df42300000)]
  0x000002ca418284d0 JavaThread "Monitor Deflation Thread" daemon [_thread_blocked, id=14316, stack(0x000000df42300000,0x000000df42400000)]
  0x000002ca41829170 JavaThread "C2 CompilerThread0" daemon [_thread_blocked, id=9236, stack(0x000000df42400000,0x000000df42500000)]
=>0x000002ca41829c10 JavaThread "C1 CompilerThread0" daemon [_thread_in_vm, id=3144, stack(0x000000df42500000,0x000000df42600000)]
  0x000002ca4187cbb0 JavaThread "Sweeper thread" daemon [_thread_blocked, id=14472, stack(0x000000df42600000,0x000000df42700000)]
  0x000002ca4198d1a0 JavaThread "Notification Thread" daemon [_thread_blocked, id=15296, stack(0x000000df42700000,0x000000df42800000)]
  0x000002ca41996d30 JavaThread "Common-Cleaner" daemon [_thread_blocked, id=15936, stack(0x000000df42900000,0x000000df42a00000)]
  0x000002ca42e5aaa0 JavaThread "pool-1-thread-1" [_thread_in_native, id=12380, stack(0x000000df42d00000,0x000000df42e00000)]
  0x000002ca42f055e0 JavaThread "DisconnectableInputStream source reader" daemon [_thread_in_native, id=14280, stack(0x000000df42f00000,0x000000df43000000)]
  0x000002ca42ee8690 JavaThread "Forward input" [_thread_blocked, id=15264, stack(0x000000df43000000,0x000000df43100000)]

Other Threads:
  0x000002ca40e03c90 VMThread "VM Thread" [stack: 0x000000df41d00000,0x000000df41e00000] [id=8568]
  0x000002ca4198da80 WatcherThread [stack: 0x000000df42800000,0x000000df42900000] [id=1680]
  0x000002ca2795f710 GCTaskThread "GC Thread#0" [stack: 0x000000df41800000,0x000000df41900000] [id=16928]
  0x000002ca41c28920 GCTaskThread "GC Thread#1" [stack: 0x000000df42a00000,0x000000df42b00000] [id=15684]
  0x000002ca41cac6f0 GCTaskThread "GC Thread#2" [stack: 0x000000df42b00000,0x000000df42c00000] [id=5716]
  0x000002ca41e02410 GCTaskThread "GC Thread#3" [stack: 0x000000df42c00000,0x000000df42d00000] [id=16392]
  0x000002ca27970350 ConcurrentGCThread "G1 Main Marker" [stack: 0x000000df41900000,0x000000df41a00000] [id=8404]
  0x000002ca27970d60 ConcurrentGCThread "G1 Conc#0" [stack: 0x000000df41a00000,0x000000df41b00000] [id=16776]
  0x000002ca40c620b0 ConcurrentGCThread "G1 Refine#0" [stack: 0x000000df41b00000,0x000000df41c00000] [id=16044]
  0x000002ca40c62ad0 ConcurrentGCThread "G1 Service" [stack: 0x000000df41c00000,0x000000df41d00000] [id=16172]

Threads with active compile tasks:
C1 CompilerThread0    25953 1325       3       java.lang.StringCoding::implEncodeAsciiArray (47 bytes)

VM state: not at safepoint (normal execution)

VM Mutex/Monitor currently owned by a thread:  ([mutex/lock_event])
[0x000002ca2571bc60] Metaspace_lock - owner thread: 0x000002ca41829c10
[0x000002ca278ffce0] MethodData_lock - owner thread: 0x000002ca41829c10

Heap address: 0x0000000081800000, size: 2024 MB, Compressed Oops mode: 32-bit

CDS archive(s) not mapped
Compressed class space mapped at: 0x0000000100000000-0x0000000140000000, reserved size: 1073741824
Narrow klass base: 0x0000000000000000, Narrow klass shift: 3, Narrow klass range: 0x140000000

GC Precious Log:
 CPUs: 4 total, 4 available
 Memory: 8089M
 Large Page Support: Disabled
 NUMA Support: Disabled
 Compressed Oops: Enabled (32-bit)
 Heap Region Size: 1M
 Heap Min Capacity: 8M
 Heap Initial Capacity: 128M
 Heap Max Capacity: 2024M
 Pre-touch: Disabled
 Parallel Workers: 4
 Concurrent Workers: 1
 Concurrent Refinement Workers: 4
 Periodic GC: Disabled

Heap:
 garbage-first heap   total 131072K, used 15972K [0x0000000081800000, 0x0000000100000000)
  region size 1024K, 10 young (10240K), 3 survivors (3072K)
 Metaspace       used 16237K, committed 16384K, reserved 1064960K
  class space    used 1887K, committed 1984K, reserved 1048576K

Heap Regions: E=young(eden), S=young(survivor), O=old, HS=humongous(starts), HC=humongous(continues), CS=collection set, F=free, OA=open archive, CA=closed archive, TAMS=top-at-mark-start (previous, next)
|   0|0x0000000081800000, 0x0000000081900000, 0x0000000081900000|100%|HS|  |TAMS 0x0000000081800000, 0x0000000081800000| Complete 
|   1|0x0000000081900000, 0x0000000081a00000, 0x0000000081a00000|100%|HC|  |TAMS 0x0000000081900000, 0x0000000081900000| Complete 
|   2|0x0000000081a00000, 0x0000000081b00000, 0x0000000081b00000|100%|HC|  |TAMS 0x0000000081a00000, 0x0000000081a00000| Complete 
|   3|0x0000000081b00000, 0x0000000081c00000, 0x0000000081c00000|100%| O|  |TAMS 0x0000000081b00000, 0x0000000081b00000| Untracked 
|   4|0x0000000081c00000, 0x0000000081d00000, 0x0000000081d00000|100%| O|  |TAMS 0x0000000081c00000, 0x0000000081c00000| Untracked 
|   5|0x0000000081d00000, 0x0000000081e00000, 0x0000000081e00000|100%| O|  |TAMS 0x0000000081d00000, 0x0000000081d00000| Untracked 
|   6|0x0000000081e00000, 0x0000000081e99000, 0x0000000081f00000| 59%| O|  |TAMS 0x0000000081e00000, 0x0000000081e00000| Untracked 
|   7|0x0000000081f00000, 0x0000000081f00000, 0x0000000082000000|  0%| F|  |TAMS 0x0000000081f00000, 0x0000000081f00000| Untracked 
|   8|0x0000000082000000, 0x0000000082000000, 0x0000000082100000|  0%| F|  |TAMS 0x0000000082000000, 0x0000000082000000| Untracked 
|   9|0x0000000082100000, 0x0000000082100000, 0x0000000082200000|  0%| F|  |TAMS 0x0000000082100000, 0x0000000082100000| Untracked 
|  10|0x0000000082200000, 0x0000000082200000, 0x0000000082300000|  0%| F|  |TAMS 0x0000000082200000, 0x0000000082200000| Untracked 
|  11|0x0000000082300000, 0x0000000082300000, 0x0000000082400000|  0%| F|  |TAMS 0x0000000082300000, 0x0000000082300000| Untracked 
|  12|0x0000000082400000, 0x0000000082400000, 0x0000000082500000|  0%| F|  |TAMS 0x0000000082400000, 0x0000000082400000| Untracked 
|  13|0x0000000082500000, 0x0000000082500000, 0x0000000082600000|  0%| F|  |TAMS 0x0000000082500000, 0x0000000082500000| Untracked 
|  14|0x0000000082600000, 0x0000000082600000, 0x0000000082700000|  0%| F|  |TAMS 0x0000000082600000, 0x0000000082600000| Untracked 
|  15|0x0000000082700000, 0x0000000082700000, 0x0000000082800000|  0%| F|  |TAMS 0x0000000082700000, 0x0000000082700000| Untracked 
|  16|0x0000000082800000, 0x0000000082800000, 0x0000000082900000|  0%| F|  |TAMS 0x0000000082800000, 0x0000000082800000| Untracked 
|  17|0x0000000082900000, 0x0000000082900000, 0x0000000082a00000|  0%| F|  |TAMS 0x0000000082900000, 0x0000000082900000| Untracked 
|  18|0x0000000082a00000, 0x0000000082a00000, 0x0000000082b00000|  0%| F|  |TAMS 0x0000000082a00000, 0x0000000082a00000| Untracked 
|  19|0x0000000082b00000, 0x0000000082b00000, 0x0000000082c00000|  0%| F|  |TAMS 0x0000000082b00000, 0x0000000082b00000| Untracked 
|  20|0x0000000082c00000, 0x0000000082c00000, 0x0000000082d00000|  0%| F|  |TAMS 0x0000000082c00000, 0x0000000082c00000| Untracked 
|  21|0x0000000082d00000, 0x0000000082d00000, 0x0000000082e00000|  0%| F|  |TAMS 0x0000000082d00000, 0x0000000082d00000| Untracked 
|  22|0x0000000082e00000, 0x0000000082e00000, 0x0000000082f00000|  0%| F|  |TAMS 0x0000000082e00000, 0x0000000082e00000| Untracked 
|  23|0x0000000082f00000, 0x0000000082f00000, 0x0000000083000000|  0%| F|  |TAMS 0x0000000082f00000, 0x0000000082f00000| Untracked 
|  24|0x0000000083000000, 0x0000000083000000, 0x0000000083100000|  0%| F|  |TAMS 0x0000000083000000, 0x0000000083000000| Untracked 
|  25|0x0000000083100000, 0x0000000083100000, 0x0000000083200000|  0%| F|  |TAMS 0x0000000083100000, 0x0000000083100000| Untracked 
|  26|0x0000000083200000, 0x0000000083200000, 0x0000000083300000|  0%| F|  |TAMS 0x0000000083200000, 0x0000000083200000| Untracked 
|  27|0x0000000083300000, 0x0000000083300000, 0x0000000083400000|  0%| F|  |TAMS 0x0000000083300000, 0x0000000083300000| Untracked 
|  28|0x0000000083400000, 0x0000000083400000, 0x0000000083500000|  0%| F|  |TAMS 0x0000000083400000, 0x0000000083400000| Untracked 
|  29|0x0000000083500000, 0x0000000083500000, 0x0000000083600000|  0%| F|  |TAMS 0x0000000083500000, 0x0000000083500000| Untracked 
|  30|0x0000000083600000, 0x0000000083600000, 0x0000000083700000|  0%| F|  |TAMS 0x0000000083600000, 0x0000000083600000| Untracked 
|  31|0x0000000083700000, 0x0000000083700000, 0x0000000083800000|  0%| F|  |TAMS 0x0000000083700000, 0x0000000083700000| Untracked 
|  32|0x0000000083800000, 0x0000000083800000, 0x0000000083900000|  0%| F|  |TAMS 0x0000000083800000, 0x0000000083800000| Untracked 
|  33|0x0000000083900000, 0x0000000083900000, 0x0000000083a00000|  0%| F|  |TAMS 0x0000000083900000, 0x0000000083900000| Untracked 
|  34|0x0000000083a00000, 0x0000000083a00000, 0x0000000083b00000|  0%| F|  |TAMS 0x0000000083a00000, 0x0000000083a00000| Untracked 
|  35|0x0000000083b00000, 0x0000000083b00000, 0x0000000083c00000|  0%| F|  |TAMS 0x0000000083b00000, 0x0000000083b00000| Untracked 
|  36|0x0000000083c00000, 0x0000000083c00000, 0x0000000083d00000|  0%| F|  |TAMS 0x0000000083c00000, 0x0000000083c00000| Untracked 
|  37|0x0000000083d00000, 0x0000000083d00000, 0x0000000083e00000|  0%| F|  |TAMS 0x0000000083d00000, 0x0000000083d00000| Untracked 
|  38|0x0000000083e00000, 0x0000000083e00000, 0x0000000083f00000|  0%| F|  |TAMS 0x0000000083e00000, 0x0000000083e00000| Untracked 
|  39|0x0000000083f00000, 0x0000000083f00000, 0x0000000084000000|  0%| F|  |TAMS 0x0000000083f00000, 0x0000000083f00000| Untracked 
|  40|0x0000000084000000, 0x0000000084000000, 0x0000000084100000|  0%| F|  |TAMS 0x0000000084000000, 0x0000000084000000| Untracked 
|  41|0x0000000084100000, 0x0000000084100000, 0x0000000084200000|  0%| F|  |TAMS 0x0000000084100000, 0x0000000084100000| Untracked 
|  42|0x0000000084200000, 0x0000000084200000, 0x0000000084300000|  0%| F|  |TAMS 0x0000000084200000, 0x0000000084200000| Untracked 
|  43|0x0000000084300000, 0x0000000084300000, 0x0000000084400000|  0%| F|  |TAMS 0x0000000084300000, 0x0000000084300000| Untracked 
|  44|0x0000000084400000, 0x0000000084400000, 0x0000000084500000|  0%| F|  |TAMS 0x0000000084400000, 0x0000000084400000| Untracked 
|  45|0x0000000084500000, 0x0000000084500000, 0x0000000084600000|  0%| F|  |TAMS 0x0000000084500000, 0x0000000084500000| Untracked 
|  46|0x0000000084600000, 0x0000000084600000, 0x0000000084700000|  0%| F|  |TAMS 0x0000000084600000, 0x0000000084600000| Untracked 
|  47|0x0000000084700000, 0x0000000084700000, 0x0000000084800000|  0%| F|  |TAMS 0x0000000084700000, 0x0000000084700000| Untracked 
|  48|0x0000000084800000, 0x0000000084800000, 0x0000000084900000|  0%| F|  |TAMS 0x0000000084800000, 0x0000000084800000| Untracked 
|  49|0x0000000084900000, 0x0000000084900000, 0x0000000084a00000|  0%| F|  |TAMS 0x0000000084900000, 0x0000000084900000| Untracked 
|  50|0x0000000084a00000, 0x0000000084a00000, 0x0000000084b00000|  0%| F|  |TAMS 0x0000000084a00000, 0x0000000084a00000| Untracked 
|  51|0x0000000084b00000, 0x0000000084b00000, 0x0000000084c00000|  0%| F|  |TAMS 0x0000000084b00000, 0x0000000084b00000| Untracked 
|  52|0x0000000084c00000, 0x0000000084c00000, 0x0000000084d00000|  0%| F|  |TAMS 0x0000000084c00000, 0x0000000084c00000| Untracked 
|  53|0x0000000084d00000, 0x0000000084d00000, 0x0000000084e00000|  0%| F|  |TAMS 0x0000000084d00000, 0x0000000084d00000| Untracked 
|  54|0x0000000084e00000, 0x0000000084e00000, 0x0000000084f00000|  0%| F|  |TAMS 0x0000000084e00000, 0x0000000084e00000| Untracked 
|  55|0x0000000084f00000, 0x0000000084f00000, 0x0000000085000000|  0%| F|  |TAMS 0x0000000084f00000, 0x0000000084f00000| Untracked 
|  56|0x0000000085000000, 0x0000000085000000, 0x0000000085100000|  0%| F|  |TAMS 0x0000000085000000, 0x0000000085000000| Untracked 
|  57|0x0000000085100000, 0x0000000085100000, 0x0000000085200000|  0%| F|  |TAMS 0x0000000085100000, 0x0000000085100000| Untracked 
|  58|0x0000000085200000, 0x0000000085200000, 0x0000000085300000|  0%| F|  |TAMS 0x0000000085200000, 0x0000000085200000| Untracked 
|  59|0x0000000085300000, 0x0000000085300000, 0x0000000085400000|  0%| F|  |TAMS 0x0000000085300000, 0x0000000085300000| Untracked 
|  60|0x0000000085400000, 0x0000000085400000, 0x0000000085500000|  0%| F|  |TAMS 0x0000000085400000, 0x0000000085400000| Untracked 
|  61|0x0000000085500000, 0x0000000085500000, 0x0000000085600000|  0%| F|  |TAMS 0x0000000085500000, 0x0000000085500000| Untracked 
|  62|0x0000000085600000, 0x0000000085600000, 0x0000000085700000|  0%| F|  |TAMS 0x0000000085600000, 0x0000000085600000| Untracked 
|  63|0x0000000085700000, 0x0000000085700000, 0x0000000085800000|  0%| F|  |TAMS 0x0000000085700000, 0x0000000085700000| Untracked 
|  64|0x0000000085800000, 0x0000000085800000, 0x0000000085900000|  0%| F|  |TAMS 0x0000000085800000, 0x0000000085800000| Untracked 
|  65|0x0000000085900000, 0x0000000085900000, 0x0000000085a00000|  0%| F|  |TAMS 0x0000000085900000, 0x0000000085900000| Untracked 
|  66|0x0000000085a00000, 0x0000000085a00000, 0x0000000085b00000|  0%| F|  |TAMS 0x0000000085a00000, 0x0000000085a00000| Untracked 
|  67|0x0000000085b00000, 0x0000000085b00000, 0x0000000085c00000|  0%| F|  |TAMS 0x0000000085b00000, 0x0000000085b00000| Untracked 
|  68|0x0000000085c00000, 0x0000000085c00000, 0x0000000085d00000|  0%| F|  |TAMS 0x0000000085c00000, 0x0000000085c00000| Untracked 
|  69|0x0000000085d00000, 0x0000000085d00000, 0x0000000085e00000|  0%| F|  |TAMS 0x0000000085d00000, 0x0000000085d00000| Untracked 
|  70|0x0000000085e00000, 0x0000000085e00000, 0x0000000085f00000|  0%| F|  |TAMS 0x0000000085e00000, 0x0000000085e00000| Untracked 
|  71|0x0000000085f00000, 0x0000000085f00000, 0x0000000086000000|  0%| F|  |TAMS 0x0000000085f00000, 0x0000000085f00000| Untracked 
|  72|0x0000000086000000, 0x0000000086000000, 0x0000000086100000|  0%| F|  |TAMS 0x0000000086000000, 0x0000000086000000| Untracked 
|  73|0x0000000086100000, 0x0000000086100000, 0x0000000086200000|  0%| F|  |TAMS 0x0000000086100000, 0x0000000086100000| Untracked 
|  74|0x0000000086200000, 0x0000000086200000, 0x0000000086300000|  0%| F|  |TAMS 0x0000000086200000, 0x0000000086200000| Untracked 
|  75|0x0000000086300000, 0x0000000086300000, 0x0000000086400000|  0%| F|  |TAMS 0x0000000086300000, 0x0000000086300000| Untracked 
|  76|0x0000000086400000, 0x0000000086400000, 0x0000000086500000|  0%| F|  |TAMS 0x0000000086400000, 0x0000000086400000| Untracked 
|  77|0x0000000086500000, 0x0000000086500000, 0x0000000086600000|  0%| F|  |TAMS 0x0000000086500000, 0x0000000086500000| Untracked 
|  78|0x0000000086600000, 0x0000000086600000, 0x0000000086700000|  0%| F|  |TAMS 0x0000000086600000, 0x0000000086600000| Untracked 
|  79|0x0000000086700000, 0x0000000086700000, 0x0000000086800000|  0%| F|  |TAMS 0x0000000086700000, 0x0000000086700000| Untracked 
|  80|0x0000000086800000, 0x0000000086800000, 0x0000000086900000|  0%| F|  |TAMS 0x0000000086800000, 0x0000000086800000| Untracked 
|  81|0x0000000086900000, 0x0000000086900000, 0x0000000086a00000|  0%| F|  |TAMS 0x0000000086900000, 0x0000000086900000| Untracked 
|  82|0x0000000086a00000, 0x0000000086a00000, 0x0000000086b00000|  0%| F|  |TAMS 0x0000000086a00000, 0x0000000086a00000| Untracked 
|  83|0x0000000086b00000, 0x0000000086b00000, 0x0000000086c00000|  0%| F|  |TAMS 0x0000000086b00000, 0x0000000086b00000| Untracked 
|  84|0x0000000086c00000, 0x0000000086c00000, 0x0000000086d00000|  0%| F|  |TAMS 0x0000000086c00000, 0x0000000086c00000| Untracked 
|  85|0x0000000086d00000, 0x0000000086d00000, 0x0000000086e00000|  0%| F|  |TAMS 0x0000000086d00000, 0x0000000086d00000| Untracked 
|  86|0x0000000086e00000, 0x0000000086e00000, 0x0000000086f00000|  0%| F|  |TAMS 0x0000000086e00000, 0x0000000086e00000| Untracked 
|  87|0x0000000086f00000, 0x0000000086f00000, 0x0000000087000000|  0%| F|  |TAMS 0x0000000086f00000, 0x0000000086f00000| Untracked 
|  88|0x0000000087000000, 0x0000000087000000, 0x0000000087100000|  0%| F|  |TAMS 0x0000000087000000, 0x0000000087000000| Untracked 
|  89|0x0000000087100000, 0x0000000087100000, 0x0000000087200000|  0%| F|  |TAMS 0x0000000087100000, 0x0000000087100000| Untracked 
|  90|0x0000000087200000, 0x0000000087200000, 0x0000000087300000|  0%| F|  |TAMS 0x0000000087200000, 0x0000000087200000| Untracked 
|  91|0x0000000087300000, 0x0000000087300000, 0x0000000087400000|  0%| F|  |TAMS 0x0000000087300000, 0x0000000087300000| Untracked 
|  92|0x0000000087400000, 0x0000000087400000, 0x0000000087500000|  0%| F|  |TAMS 0x0000000087400000, 0x0000000087400000| Untracked 
|  93|0x0000000087500000, 0x0000000087500000, 0x0000000087600000|  0%| F|  |TAMS 0x0000000087500000, 0x0000000087500000| Untracked 
|  94|0x0000000087600000, 0x0000000087600000, 0x0000000087700000|  0%| F|  |TAMS 0x0000000087600000, 0x0000000087600000| Untracked 
|  95|0x0000000087700000, 0x0000000087700000, 0x0000000087800000|  0%| F|  |TAMS 0x0000000087700000, 0x0000000087700000| Untracked 
|  96|0x0000000087800000, 0x0000000087800000, 0x0000000087900000|  0%| F|  |TAMS 0x0000000087800000, 0x0000000087800000| Untracked 
|  97|0x0000000087900000, 0x0000000087900000, 0x0000000087a00000|  0%| F|  |TAMS 0x0000000087900000, 0x0000000087900000| Untracked 
|  98|0x0000000087a00000, 0x0000000087a00000, 0x0000000087b00000|  0%| F|  |TAMS 0x0000000087a00000, 0x0000000087a00000| Untracked 
|  99|0x0000000087b00000, 0x0000000087b00000, 0x0000000087c00000|  0%| F|  |TAMS 0x0000000087b00000, 0x0000000087b00000| Untracked 
| 100|0x0000000087c00000, 0x0000000087c00000, 0x0000000087d00000|  0%| F|  |TAMS 0x0000000087c00000, 0x0000000087c00000| Untracked 
| 101|0x0000000087d00000, 0x0000000087d00000, 0x0000000087e00000|  0%| F|  |TAMS 0x0000000087d00000, 0x0000000087d00000| Untracked 
| 102|0x0000000087e00000, 0x0000000087e00000, 0x0000000087f00000|  0%| F|  |TAMS 0x0000000087e00000, 0x0000000087e00000| Untracked 
| 103|0x0000000087f00000, 0x0000000087f00000, 0x0000000088000000|  0%| F|  |TAMS 0x0000000087f00000, 0x0000000087f00000| Untracked 
| 104|0x0000000088000000, 0x0000000088000000, 0x0000000088100000|  0%| F|  |TAMS 0x0000000088000000, 0x0000000088000000| Untracked 
| 105|0x0000000088100000, 0x0000000088100000, 0x0000000088200000|  0%| F|  |TAMS 0x0000000088100000, 0x0000000088100000| Untracked 
| 106|0x0000000088200000, 0x0000000088200000, 0x0000000088300000|  0%| F|  |TAMS 0x0000000088200000, 0x0000000088200000| Untracked 
| 107|0x0000000088300000, 0x0000000088400000, 0x0000000088400000|100%| S|CS|TAMS 0x0000000088300000, 0x0000000088300000| Complete 
| 108|0x0000000088400000, 0x0000000088500000, 0x0000000088500000|100%| S|CS|TAMS 0x0000000088400000, 0x0000000088400000| Complete 
| 109|0x0000000088500000, 0x0000000088600000, 0x0000000088600000|100%| S|CS|TAMS 0x0000000088500000, 0x0000000088500000| Complete 
| 110|0x0000000088600000, 0x0000000088600000, 0x0000000088700000|  0%| F|  |TAMS 0x0000000088600000, 0x0000000088600000| Untracked 
| 111|0x0000000088700000, 0x0000000088700000, 0x0000000088800000|  0%| F|  |TAMS 0x0000000088700000, 0x0000000088700000| Untracked 
| 112|0x0000000088800000, 0x0000000088800000, 0x0000000088900000|  0%| F|  |TAMS 0x0000000088800000, 0x0000000088800000| Untracked 
| 113|0x0000000088900000, 0x0000000088900000, 0x0000000088a00000|  0%| F|  |TAMS 0x0000000088900000, 0x0000000088900000| Untracked 
| 114|0x0000000088a00000, 0x0000000088a00000, 0x0000000088b00000|  0%| F|  |TAMS 0x0000000088a00000, 0x0000000088a00000| Untracked 
| 115|0x0000000088b00000, 0x0000000088b00000, 0x0000000088c00000|  0%| F|  |TAMS 0x0000000088b00000, 0x0000000088b00000| Untracked 
| 116|0x0000000088c00000, 0x0000000088c00000, 0x0000000088d00000|  0%| F|  |TAMS 0x0000000088c00000, 0x0000000088c00000| Untracked 
| 117|0x0000000088d00000, 0x0000000088d00000, 0x0000000088e00000|  0%| F|  |TAMS 0x0000000088d00000, 0x0000000088d00000| Untracked 
| 118|0x0000000088e00000, 0x0000000088e00000, 0x0000000088f00000|  0%| F|  |TAMS 0x0000000088e00000, 0x0000000088e00000| Untracked 
| 119|0x0000000088f00000, 0x0000000088f00000, 0x0000000089000000|  0%| F|  |TAMS 0x0000000088f00000, 0x0000000088f00000| Untracked 
| 120|0x0000000089000000, 0x0000000089000000, 0x0000000089100000|  0%| F|  |TAMS 0x0000000089000000, 0x0000000089000000| Untracked 
| 121|0x0000000089100000, 0x00000000891f11f8, 0x0000000089200000| 94%| E|  |TAMS 0x0000000089100000, 0x0000000089100000| Complete 
| 122|0x0000000089200000, 0x0000000089300000, 0x0000000089300000|100%| E|CS|TAMS 0x0000000089200000, 0x0000000089200000| Complete 
| 123|0x0000000089300000, 0x0000000089400000, 0x0000000089400000|100%| E|CS|TAMS 0x0000000089300000, 0x0000000089300000| Complete 
| 124|0x0000000089400000, 0x0000000089500000, 0x0000000089500000|100%| E|CS|TAMS 0x0000000089400000, 0x0000000089400000| Complete 
| 125|0x0000000089500000, 0x0000000089600000, 0x0000000089600000|100%| E|CS|TAMS 0x0000000089500000, 0x0000000089500000| Complete 
| 126|0x0000000089600000, 0x0000000089700000, 0x0000000089700000|100%| E|CS|TAMS 0x0000000089600000, 0x0000000089600000| Complete 
| 127|0x0000000089700000, 0x0000000089800000, 0x0000000089800000|100%| E|CS|TAMS 0x0000000089700000, 0x0000000089700000| Complete 

Card table byte_map: [0x000002ca3a1d0000,0x000002ca3a5d0000] _byte_map_base: 0x000002ca39dc4000

Marking Bits (Prev, Next): (CMBitMap*) 0x000002ca2795fd20, (CMBitMap*) 0x000002ca2795fd60
 Prev Bits: [0x000002ca3a9d0000, 0x000002ca3c970000)
 Next Bits: [0x000002ca3c970000, 0x000002ca3e910000)

Polling page: 0x000002ca25860000

Metaspace:

Usage:
  Non-class:     14.01 MB used.
      Class:      1.84 MB used.
       Both:     15.86 MB used.

Virtual space:
  Non-class space:       16.00 MB reserved,      14.06 MB ( 88%) committed,  2 nodes.
      Class space:        1.00 GB reserved,       1.94 MB ( <1%) committed,  1 nodes.
             Both:        1.02 GB reserved,      16.00 MB (  2%) committed. 

Chunk freelists:
   Non-Class:  960.00 KB
       Class:  2.05 MB
        Both:  2.98 MB

MaxMetaspaceSize: unlimited
CompressedClassSpaceSize: 1.00 GB
Initial GC threshold: 21.00 MB
Current GC threshold: 21.00 MB
CDS: off
MetaspaceReclaimPolicy: balanced
 - commit_granule_bytes: 65536.
 - commit_granule_words: 8192.
 - virtual_space_node_default_size: 1048576.
 - enlarge_chunks_in_place: 1.
 - new_chunks_are_fully_committed: 0.
 - uncommit_free_chunks: 1.
 - use_allocation_guard: 0.
 - handle_deallocations: 1.


Internal statistics:

num_allocs_failed_limit: 0.
num_arena_births: 78.
num_arena_deaths: 0.
num_vsnodes_births: 3.
num_vsnodes_deaths: 0.
num_space_committed: 256.
num_space_uncommitted: 0.
num_chunks_returned_to_freelist: 0.
num_chunks_taken_from_freelist: 311.
num_chunk_merges: 0.
num_chunk_splits: 203.
num_chunks_enlarged: 161.
num_purges: 0.
num_inconsistent_stats: 0.

CodeHeap 'non-profiled nmethods': size=120000Kb used=472Kb max_used=472Kb free=119527Kb
 bounds [0x000002ca328a0000, 0x000002ca32b10000, 0x000002ca39dd0000]
CodeHeap 'profiled nmethods': size=120000Kb used=2426Kb max_used=2426Kb free=117573Kb
 bounds [0x000002ca2add0000, 0x000002ca2b040000, 0x000002ca32300000]
CodeHeap 'non-nmethods': size=5760Kb used=1164Kb max_used=1186Kb free=4595Kb
 bounds [0x000002ca32300000, 0x000002ca32570000, 0x000002ca328a0000]
 total_blobs=1782 nmethods=1323 adapters=372
 compilation: enabled
              stopped_count=0, restarted_count=0
 full_count=0

Compilation events (20 events):
Event: 25.615 Thread 0x000002ca41829c10 nmethod 1316 0x000002ca2b02a310 code [0x000002ca2b02a5c0, 0x000002ca2b02b2a8]
Event: 25.615 Thread 0x000002ca41829c10 1317       3       org.gradle.internal.logging.text.AbstractLineChoppingStyledTextOutput::access$900 (4 bytes)
Event: 25.615 Thread 0x000002ca41829c10 nmethod 1317 0x000002ca2b02b810 code [0x000002ca2b02b9a0, 0x000002ca2b02ba98]
Event: 25.615 Thread 0x000002ca41829c10 1315       3       org.gradle.internal.logging.text.AbstractLineChoppingStyledTextOutput$StateContext::next (11 bytes)
Event: 25.616 Thread 0x000002ca41829c10 nmethod 1315 0x000002ca2b02bb10 code [0x000002ca2b02bca0, 0x000002ca2b02bdb8]
Event: 25.831 Thread 0x000002ca41829c10 1318       3       java.nio.charset.CoderResult::isUnderflow (13 bytes)
Event: 25.832 Thread 0x000002ca41829c10 nmethod 1318 0x000002ca2b02be90 code [0x000002ca2b02c020, 0x000002ca2b02c198]
Event: 25.832 Thread 0x000002ca41829c10 1320       3       java.nio.ByteBuffer::array (35 bytes)
Event: 25.832 Thread 0x000002ca41829c10 nmethod 1320 0x000002ca2b02c210 code [0x000002ca2b02c3e0, 0x000002ca2b02c6b8]
Event: 25.832 Thread 0x000002ca41829c10 1319       3       java.nio.Buffer::<init> (105 bytes)
Event: 25.833 Thread 0x000002ca41829c10 nmethod 1319 0x000002ca2b02c810 code [0x000002ca2b02cac0, 0x000002ca2b02d618]
Event: 25.833 Thread 0x000002ca41829c10 1323       3       java.nio.ByteBuffer::arrayOffset (35 bytes)
Event: 25.834 Thread 0x000002ca41829c10 nmethod 1323 0x000002ca2b02da10 code [0x000002ca2b02dbe0, 0x000002ca2b02deb8]
Event: 25.834 Thread 0x000002ca41829c10 1324       3       java.nio.CharBuffer::arrayOffset (35 bytes)
Event: 25.834 Thread 0x000002ca41829c10 nmethod 1324 0x000002ca2b02e010 code [0x000002ca2b02e1e0, 0x000002ca2b02e4b8]
Event: 25.834 Thread 0x000002ca41829c10 1321       3       java.nio.CharBuffer::position (6 bytes)
Event: 25.834 Thread 0x000002ca41829c10 nmethod 1321 0x000002ca2b02e610 code [0x000002ca2b02e7c0, 0x000002ca2b02e968]
Event: 25.834 Thread 0x000002ca41829c10 1325       3       java.lang.StringCoding::implEncodeAsciiArray (47 bytes)
Event: 25.834 Thread 0x000002ca41829170 1326       4       org.gradle.internal.logging.text.AbstractLineChoppingStyledTextOutput$StateContext::isCurrentCharEquals (70 bytes)
Event: 25.838 Thread 0x000002ca41829170 nmethod 1326 0x000002ca32915e10 code [0x000002ca32915fa0, 0x000002ca329160e8]

GC Heap History (4 events):
Event: 1.284 GC heap before
{Heap before GC invocations=0 (full 0):
 garbage-first heap   total 131072K, used 15360K [0x0000000081800000, 0x0000000100000000)
  region size 1024K, 13 young (13312K), 0 survivors (0K)
 Metaspace       used 8381K, committed 8512K, reserved 1056768K
  class space    used 735K, committed 768K, reserved 1048576K
}
Event: 1.290 GC heap after
{Heap after GC invocations=1 (full 0):
 garbage-first heap   total 131072K, used 3328K [0x0000000081800000, 0x0000000100000000)
  region size 1024K, 2 young (2048K), 2 survivors (2048K)
 Metaspace       used 8381K, committed 8512K, reserved 1056768K
  class space    used 735K, committed 768K, reserved 1048576K
}
Event: 2.491 GC heap before
{Heap before GC invocations=1 (full 0):
 garbage-first heap   total 131072K, used 22784K [0x0000000081800000, 0x0000000100000000)
  region size 1024K, 18 young (18432K), 2 survivors (2048K)
 Metaspace       used 13280K, committed 13440K, reserved 1064960K
  class space    used 1508K, committed 1600K, reserved 1048576K
}
Event: 2.498 GC heap after
{Heap after GC invocations=2 (full 0):
 garbage-first heap   total 131072K, used 9828K [0x0000000081800000, 0x0000000100000000)
  region size 1024K, 3 young (3072K), 3 survivors (3072K)
 Metaspace       used 13280K, committed 13440K, reserved 1064960K
  class space    used 1508K, committed 1600K, reserved 1048576K
}

Dll operation events (2 events):
Event: 0.014 Loaded shared library E:\android studio\Android Studio\jbr\bin\java.dll
Event: 0.392 Loaded shared library E:\android studio\Android Studio\jbr\bin\verify.dll

Deoptimization events (20 events):
Event: 2.590 Thread 0x000002ca27903ea0 DEOPT PACKING pc=0x000002ca328feaac sp=0x000000df417f9040
Event: 2.590 Thread 0x000002ca27903ea0 DEOPT UNPACKING pc=0x000002ca323569a3 sp=0x000000df417f8fc8 mode 2
Event: 2.591 Thread 0x000002ca27903ea0 Uncommon trap: trap_request=0xffffffde fr.pc=0x000002ca328feaac relative=0x000000000000010c
Event: 2.591 Thread 0x000002ca27903ea0 Uncommon trap: reason=class_check action=maybe_recompile pc=0x000002ca328feaac method=jdk.internal.misc.Unsafe.allocateUninitializedArray(Ljava/lang/Class;I)Ljava/lang/Object; @ 51 c2
Event: 2.591 Thread 0x000002ca27903ea0 DEOPT PACKING pc=0x000002ca328feaac sp=0x000000df417f9070
Event: 2.591 Thread 0x000002ca27903ea0 DEOPT UNPACKING pc=0x000002ca323569a3 sp=0x000000df417f8ff8 mode 2
Event: 2.591 Thread 0x000002ca27903ea0 Uncommon trap: trap_request=0xffffffde fr.pc=0x000002ca328feaac relative=0x000000000000010c
Event: 2.591 Thread 0x000002ca27903ea0 Uncommon trap: reason=class_check action=maybe_recompile pc=0x000002ca328feaac method=jdk.internal.misc.Unsafe.allocateUninitializedArray(Ljava/lang/Class;I)Ljava/lang/Object; @ 51 c2
Event: 2.591 Thread 0x000002ca27903ea0 DEOPT PACKING pc=0x000002ca328feaac sp=0x000000df417f9110
Event: 2.591 Thread 0x000002ca27903ea0 DEOPT UNPACKING pc=0x000002ca323569a3 sp=0x000000df417f9098 mode 2
Event: 2.608 Thread 0x000002ca27903ea0 DEOPT PACKING pc=0x000002ca2aebdab8 sp=0x000000df417f9c30
Event: 2.608 Thread 0x000002ca27903ea0 DEOPT UNPACKING pc=0x000002ca32357143 sp=0x000000df417f9148 mode 0
Event: 3.563 Thread 0x000002ca27903ea0 Uncommon trap: trap_request=0xffffff45 fr.pc=0x000002ca328d53e0 relative=0x0000000000000620
Event: 3.563 Thread 0x000002ca27903ea0 Uncommon trap: reason=unstable_if action=reinterpret pc=0x000002ca328d53e0 method=java.lang.AbstractStringBuilder.append(Ljava/lang/String;)Ljava/lang/AbstractStringBuilder; @ 1 c2
Event: 3.563 Thread 0x000002ca27903ea0 DEOPT PACKING pc=0x000002ca328d53e0 sp=0x000000df417fc1f0
Event: 3.563 Thread 0x000002ca27903ea0 DEOPT UNPACKING pc=0x000002ca323569a3 sp=0x000000df417fc170 mode 2
Event: 3.564 Thread 0x000002ca27903ea0 Uncommon trap: trap_request=0xffffff45 fr.pc=0x000002ca328decf0 relative=0x0000000000000630
Event: 3.564 Thread 0x000002ca27903ea0 Uncommon trap: reason=unstable_if action=reinterpret pc=0x000002ca328decf0 method=java.lang.AbstractStringBuilder.append(Ljava/lang/String;)Ljava/lang/AbstractStringBuilder; @ 1 c2
Event: 3.564 Thread 0x000002ca27903ea0 DEOPT PACKING pc=0x000002ca328decf0 sp=0x000000df417fc190
Event: 3.564 Thread 0x000002ca27903ea0 DEOPT UNPACKING pc=0x000002ca323569a3 sp=0x000000df417fc178 mode 2

Classes unloaded (0 events):
No events

Classes redefined (0 events):
No events

Internal exceptions (19 events):
Event: 0.736 Thread 0x000002ca27903ea0 Exception <a 'java/lang/NoSuchMethodError'{0x0000000089417660}: 'int java.lang.invoke.DirectMethodHandle$Holder.invokeStaticInit(java.lang.Object, java.lang.Object)'> (0x0000000089417660) 
thrown [s\src\hotspot\share\interpreter\linkResolver.cpp, line 771]
Event: 1.831 Thread 0x000002ca27903ea0 Exception <a 'java/lang/NoSuchMethodError'{0x00000000890bf550}: 'void java.lang.invoke.DirectMethodHandle$Holder.invokeStatic(java.lang.Object, java.lang.Object)'> (0x00000000890bf550) 
thrown [s\src\hotspot\share\interpreter\linkResolver.cpp, line 771]
Event: 1.895 Thread 0x000002ca27903ea0 Exception <a 'java/lang/NoClassDefFoundError'{0x0000000088f46560}: org/slf4j/impl/StaticMarkerBinder> (0x0000000088f46560) 
thrown [s\src\hotspot\share\classfile\systemDictionary.cpp, line 245]
Event: 1.958 Thread 0x000002ca27903ea0 Exception <a 'java/lang/NoSuchMethodError'{0x0000000088fe2c28}: 'java.lang.Object java.lang.invoke.DirectMethodHandle$Holder.invokeVirtual(java.lang.Object, java.lang.Object, java.lang.Object, java.lang.Object, java.lang.Object, java.lang.Object, java.lang.Object)'> (0x0000000088fe2c28) 
thrown [s\src\hotspot\share\interpreter\linkResolver.cpp, line 771]
Event: 1.961 Thread 0x000002ca27903ea0 Exception <a 'java/lang/NoSuchMethodError'{0x0000000088ff41e8}: 'java.lang.Object java.lang.invoke.Invokers$Holder.invoker(java.lang.Object, java.lang.Object, java.lang.Object)'> (0x0000000088ff41e8) 
thrown [s\src\hotspot\share\interpreter\linkResolver.cpp, line 771]
Event: 1.965 Thread 0x000002ca27903ea0 Exception <a 'java/lang/NoSuchMethodError'{0x0000000088ffd4f0}: 'java.lang.Object java.lang.invoke.DirectMethodHandle$Holder.invokeStatic(java.lang.Object, java.lang.Object, int)'> (0x0000000088ffd4f0) 
thrown [s\src\hotspot\share\interpreter\linkResolver.cpp, line 771]
Event: 1.977 Thread 0x000002ca27903ea0 Exception <a 'java/lang/NoSuchMethodError'{0x0000000088e09698}: 'void java.lang.invoke.DelegatingMethodHandle$Holder.delegate(java.lang.Object, java.lang.Object, int, java.lang.Object)'> (0x0000000088e09698) 
thrown [s\src\hotspot\share\interpreter\linkResolver.cpp, line 771]
Event: 1.978 Thread 0x000002ca27903ea0 Exception <a 'java/lang/NoSuchMethodError'{0x0000000088e0d7e0}: 'int java.lang.invoke.DirectMethodHandle$Holder.invokeSpecial(java.lang.Object, java.lang.Object, java.lang.Object)'> (0x0000000088e0d7e0) 
thrown [s\src\hotspot\share\interpreter\linkResolver.cpp, line 771]
Event: 1.995 Thread 0x000002ca27903ea0 Exception <a 'java/lang/NoSuchMethodError'{0x0000000088e20998}: 'java.lang.Object java.lang.invoke.Invokers$Holder.invokeExact_MT(java.lang.Object, java.lang.Object, java.lang.Object, java.lang.Object)'> (0x0000000088e20998) 
thrown [s\src\hotspot\share\interpreter\linkResolver.cpp, line 771]
Event: 2.286 Thread 0x000002ca27903ea0 Exception <a 'java/lang/NoSuchMethodError'{0x000000008881ef00}: 'java.lang.Object java.lang.invoke.DirectMethodHandle$Holder.invokeInterface(java.lang.Object, java.lang.Object, java.lang.Object)'> (0x000000008881ef00) 
thrown [s\src\hotspot\share\interpreter\linkResolver.cpp, line 771]
Event: 2.295 Thread 0x000002ca27903ea0 Exception <a 'java/lang/NoSuchMethodError'{0x0000000088840858}: 'void java.lang.invoke.DirectMethodHandle$Holder.invokeSpecial(java.lang.Object, java.lang.Object, java.lang.Object)'> (0x0000000088840858) 
thrown [s\src\hotspot\share\interpreter\linkResolver.cpp, line 771]
Event: 2.334 Thread 0x000002ca27903ea0 Implicit null exception at 0x000002ca328edc0c to 0x000002ca328ee150
Event: 2.334 Thread 0x000002ca27903ea0 Implicit null exception at 0x000002ca328d9f8f to 0x000002ca328da4d4
Event: 2.395 Thread 0x000002ca27903ea0 Exception <a 'java/lang/NoSuchMethodError'{0x00000000887db0e0}: 'java.lang.Object java.lang.invoke.DirectMethodHandle$Holder.invokeStaticInit(java.lang.Object)'> (0x00000000887db0e0) 
thrown [s\src\hotspot\share\interpreter\linkResolver.cpp, line 771]
Event: 2.683 Thread 0x000002ca27903ea0 Exception <a 'java/lang/NoSuchMethodError'{0x00000000894027b8}: 'java.lang.Object java.lang.invoke.DirectMethodHandle$Holder.invokeStaticInit(java.lang.Object, int, int, int, int)'> (0x00000000894027b8) 
thrown [s\src\hotspot\share\interpreter\linkResolver.cpp, line 771]
Event: 2.830 Thread 0x000002ca27903ea0 Exception <a 'java/lang/NoSuchMethodError'{0x000000008941e738}: 'java.lang.Object java.lang.invoke.DirectMethodHandle$Holder.invokeStaticInit(java.lang.Object, java.lang.Object, int, int, int, int)'> (0x000000008941e738) 
thrown [s\src\hotspot\share\interpreter\linkResolver.cpp, line 771]
Event: 3.525 Thread 0x000002ca27903ea0 Exception <a 'java/lang/NoSuchMethodError'{0x000000008944df78}: 'void java.lang.invoke.DirectMethodHandle$Holder.invokeStatic(java.lang.Object, java.lang.Object, java.lang.Object)'> (0x000000008944df78) 
thrown [s\src\hotspot\share\interpreter\linkResolver.cpp, line 771]
Event: 3.563 Thread 0x000002ca27903ea0 Implicit null exception at 0x000002ca328d4df2 to 0x000002ca328d53c8
Event: 3.564 Thread 0x000002ca27903ea0 Implicit null exception at 0x000002ca328de6f2 to 0x000002ca328decd8

VM Operations (20 events):
Event: 2.564 Executing VM operation: HandshakeAllThreads
Event: 2.564 Executing VM operation: HandshakeAllThreads done
Event: 2.827 Executing VM operation: HandshakeAllThreads
Event: 2.827 Executing VM operation: HandshakeAllThreads done
Event: 3.828 Executing VM operation: Cleanup
Event: 3.828 Executing VM operation: Cleanup done
Event: 6.863 Executing VM operation: Cleanup
Event: 6.863 Executing VM operation: Cleanup done
Event: 9.891 Executing VM operation: Cleanup
Event: 9.891 Executing VM operation: Cleanup done
Event: 10.903 Executing VM operation: Cleanup
Event: 10.903 Executing VM operation: Cleanup done
Event: 11.908 Executing VM operation: Cleanup
Event: 11.909 Executing VM operation: Cleanup done
Event: 12.920 Executing VM operation: Cleanup
Event: 12.920 Executing VM operation: Cleanup done
Event: 17.969 Executing VM operation: Cleanup
Event: 17.969 Executing VM operation: Cleanup done
Event: 24.031 Executing VM operation: Cleanup
Event: 24.031 Executing VM operation: Cleanup done

Events (20 events):
Event: 4.859 loading class jdk/internal/reflect/ByteVectorFactory
Event: 4.859 loading class jdk/internal/reflect/ByteVectorFactory done
Event: 4.859 loading class jdk/internal/reflect/ByteVectorImpl
Event: 4.859 loading class jdk/internal/reflect/ByteVector
Event: 4.859 loading class jdk/internal/reflect/ByteVector done
Event: 4.859 loading class jdk/internal/reflect/ByteVectorImpl done
Event: 4.859 loading class jdk/internal/reflect/ClassFileAssembler
Event: 4.860 loading class jdk/internal/reflect/ClassFileAssembler done
Event: 4.860 loading class jdk/internal/reflect/UTF8
Event: 4.860 loading class jdk/internal/reflect/UTF8 done
Event: 4.861 loading class jdk/internal/reflect/Label
Event: 4.862 loading class jdk/internal/reflect/Label done
Event: 4.862 loading class jdk/internal/reflect/Label$PatchInfo
Event: 4.862 loading class jdk/internal/reflect/Label$PatchInfo done
Event: 4.862 loading class jdk/internal/reflect/MethodAccessorGenerator$1
Event: 4.862 loading class jdk/internal/reflect/MethodAccessorGenerator$1 done
Event: 4.862 loading class jdk/internal/reflect/ClassDefiner
Event: 4.862 loading class jdk/internal/reflect/ClassDefiner done
Event: 4.862 loading class jdk/internal/reflect/ClassDefiner$1
Event: 4.862 loading class jdk/internal/reflect/ClassDefiner$1 done


Dynamic libraries:
0x00007ff759ed0000 - 0x00007ff759eda000 	E:\android studio\Android Studio\jbr\bin\java.exe
0x00007ffae2730000 - 0x00007ffae2928000 	C:\Windows\SYSTEM32\ntdll.dll
0x00007ffae0850000 - 0x00007ffae090d000 	C:\Windows\System32\KERNEL32.DLL
0x00007ffae01c0000 - 0x00007ffae04b6000 	C:\Windows\System32\KERNELBASE.dll
0x00007ffadfea0000 - 0x00007ffadffa0000 	C:\Windows\System32\ucrtbase.dll
0x00007ffad53e0000 - 0x00007ffad53fb000 	E:\android studio\Android Studio\jbr\bin\VCRUNTIME140.dll
0x00007ffad9e40000 - 0x00007ffad9e57000 	E:\android studio\Android Studio\jbr\bin\jli.dll
0x00007ffae1400000 - 0x00007ffae159e000 	C:\Windows\System32\USER32.dll
0x00007ffadffa0000 - 0x00007ffadffc2000 	C:\Windows\System32\win32u.dll
0x00007ffac3170000 - 0x00007ffac340a000 	C:\Windows\WinSxS\amd64_microsoft.windows.common-controls_6595b64144ccf1df_6.0.19041.3636_none_60b6a03d71f818d5\COMCTL32.dll
0x00007ffae15a0000 - 0x00007ffae15cc000 	C:\Windows\System32\GDI32.dll
0x00007ffae1000000 - 0x00007ffae109e000 	C:\Windows\System32\msvcrt.dll
0x00007ffae0560000 - 0x00007ffae067a000 	C:\Windows\System32\gdi32full.dll
0x00007ffae04c0000 - 0x00007ffae055d000 	C:\Windows\System32\msvcp_win.dll
0x00007ffae16c0000 - 0x00007ffae16f0000 	C:\Windows\System32\IMM32.DLL
0x00007ffad8dd0000 - 0x00007ffad8ddc000 	E:\android studio\Android Studio\jbr\bin\vcruntime140_1.dll
0x00007ffac4ef0000 - 0x00007ffac4f7d000 	E:\android studio\Android Studio\jbr\bin\msvcp140.dll
0x00007ffa6f250000 - 0x00007ffa6febd000 	E:\android studio\Android Studio\jbr\bin\server\jvm.dll
0x00007ffae1130000 - 0x00007ffae11e3000 	C:\Windows\System32\ADVAPI32.dll
0x00007ffae2530000 - 0x00007ffae25cf000 	C:\Windows\System32\sechost.dll
0x00007ffae12d0000 - 0x00007ffae13f6000 	C:\Windows\System32\RPCRT4.dll
0x00007ffadfe70000 - 0x00007ffadfe97000 	C:\Windows\System32\bcrypt.dll
0x00007ffac9e50000 - 0x00007ffac9e59000 	C:\Windows\SYSTEM32\WSOCK32.dll
0x00007ffacded0000 - 0x00007ffacdef7000 	C:\Windows\SYSTEM32\WINMM.dll
0x00007ffae0780000 - 0x00007ffae07eb000 	C:\Windows\System32\WS2_32.dll
0x00007ffadd760000 - 0x00007ffadd76a000 	C:\Windows\SYSTEM32\VERSION.dll
0x00007ffaddb90000 - 0x00007ffaddba2000 	C:\Windows\SYSTEM32\kernel.appcore.dll
0x00007ffad8ba0000 - 0x00007ffad8baa000 	E:\android studio\Android Studio\jbr\bin\jimage.dll
0x00007ffad5d20000 - 0x00007ffad5f04000 	C:\Windows\SYSTEM32\DBGHELP.DLL
0x00007ffad5c90000 - 0x00007ffad5cc4000 	C:\Windows\SYSTEM32\dbgcore.DLL
0x00007ffadffd0000 - 0x00007ffae0052000 	C:\Windows\System32\bcryptPrimitives.dll
0x00007ffad53b0000 - 0x00007ffad53d5000 	E:\android studio\Android Studio\jbr\bin\java.dll
0x00007ffad5330000 - 0x00007ffad5348000 	E:\android studio\Android Studio\jbr\bin\zip.dll
0x00007ffae16f0000 - 0x00007ffae1e35000 	C:\Windows\System32\SHELL32.dll
0x00007ffadde70000 - 0x00007ffade60b000 	C:\Windows\SYSTEM32\windows.storage.dll
0x00007ffae21d0000 - 0x00007ffae2524000 	C:\Windows\System32\combase.dll
0x00007ffadf750000 - 0x00007ffadf77d000 	C:\Windows\SYSTEM32\Wldp.dll
0x00007ffae2120000 - 0x00007ffae21cd000 	C:\Windows\System32\SHCORE.dll
0x00007ffae0910000 - 0x00007ffae0965000 	C:\Windows\System32\shlwapi.dll
0x00007ffadfd30000 - 0x00007ffadfd55000 	C:\Windows\SYSTEM32\profapi.dll
0x00007ffad5310000 - 0x00007ffad5329000 	E:\android studio\Android Studio\jbr\bin\net.dll
0x00007ffadd650000 - 0x00007ffadd75a000 	C:\Windows\SYSTEM32\WINHTTP.dll
0x00007ffadf530000 - 0x00007ffadf59a000 	C:\Windows\system32\mswsock.dll
0x00007ffad52f0000 - 0x00007ffad5306000 	E:\android studio\Android Studio\jbr\bin\nio.dll
0x00007ffad6240000 - 0x00007ffad6250000 	E:\android studio\Android Studio\jbr\bin\verify.dll
0x00007ffad52b0000 - 0x00007ffad52d7000 	C:\Users\Droid\.gradle\native\e1d6ef7f7dcc3fd88c89a11ec53ec762bb8ba0a96d01ffa2cd45eb1d1d8dd5c5\windows-amd64\native-platform.dll
0x00007ffad53a0000 - 0x00007ffad53a9000 	E:\android studio\Android Studio\jbr\bin\management.dll
0x00007ffad52e0000 - 0x00007ffad52eb000 	E:\android studio\Android Studio\jbr\bin\management_ext.dll
0x00007ffae0a40000 - 0x00007ffae0a48000 	C:\Windows\System32\PSAPI.DLL
0x00007ffadfaa0000 - 0x00007ffadfab8000 	C:\Windows\SYSTEM32\CRYPTSP.dll
0x00007ffadee10000 - 0x00007ffadee44000 	C:\Windows\system32\rsaenh.dll
0x00007ffadfcb0000 - 0x00007ffadfcde000 	C:\Windows\SYSTEM32\USERENV.dll
0x00007ffadf6c0000 - 0x00007ffadf6cc000 	C:\Windows\SYSTEM32\CRYPTBASE.dll
0x00007ffadf1f0000 - 0x00007ffadf22b000 	C:\Windows\SYSTEM32\IPHLPAPI.DLL
0x00007ffae0ff0000 - 0x00007ffae0ff8000 	C:\Windows\System32\NSI.dll
0x00007ffad7950000 - 0x00007ffad7967000 	C:\Windows\SYSTEM32\dhcpcsvc6.DLL
0x00007ffad76c0000 - 0x00007ffad76dd000 	C:\Windows\SYSTEM32\dhcpcsvc.DLL
0x00007ffadf240000 - 0x00007ffadf30a000 	C:\Windows\SYSTEM32\DNSAPI.dll
0x00007ffa8c6a0000 - 0x00007ffa8c6a7000 	C:\Windows\system32\wshunix.dll

dbghelp: loaded successfully - version: 4.0.5 - missing functions: none
symbol engine: initialized successfully - sym options: 0x614 - pdb path: .;E:\android studio\Android Studio\jbr\bin;C:\Windows\SYSTEM32;C:\Windows\WinSxS\amd64_microsoft.windows.common-controls_6595b64144ccf1df_6.0.19041.3636_none_60b6a03d71f818d5;E:\android studio\Android Studio\jbr\bin\server;C:\Users\Droid\.gradle\native\e1d6ef7f7dcc3fd88c89a11ec53ec762bb8ba0a96d01ffa2cd45eb1d1d8dd5c5\windows-amd64

VM Arguments:
jvm_args: -Dorg.gradle.appname=gradlew 
java_command: org.gradle.wrapper.GradleWrapperMain -q -Ptarget-platform=android-arm,android-arm64,android-x64 -Ptarget=lib\main.dart -Pbase-application-name=android.app.Application -Pdart-obfuscation=false -Ptrack-widget-creation=true -Ptree-shake-icons=true bundleRelease
java_class_path (initial): F:\bot\alight motion\Vazra Code\vazra-latest\android\\gradle\wrapper\gradle-wrapper.jar
Launcher Type: SUN_STANDARD

[Global flags]
     intx CICompilerCount                          = 3                                         {product} {ergonomic}
     uint ConcGCThreads                            = 1                                         {product} {ergonomic}
     uint G1ConcRefinementThreads                  = 4                                         {product} {ergonomic}
   size_t G1HeapRegionSize                         = 1048576                                   {product} {ergonomic}
    uintx GCDrainStackTargetSize                   = 64                                        {product} {ergonomic}
   size_t InitialHeapSize                          = 134217728                                 {product} {ergonomic}
   size_t MarkStackSize                            = 4194304                                   {product} {ergonomic}
   size_t MaxHeapSize                              = 2122317824                                {product} {ergonomic}
   size_t MaxNewSize                               = 1272971264                                {product} {ergonomic}
   size_t MinHeapDeltaBytes                        = 1048576                                   {product} {ergonomic}
   size_t MinHeapSize                              = 8388608                                   {product} {ergonomic}
    uintx NonNMethodCodeHeapSize                   = 5832780                                {pd product} {ergonomic}
    uintx NonProfiledCodeHeapSize                  = 122912730                              {pd product} {ergonomic}
    uintx ProfiledCodeHeapSize                     = 122912730                              {pd product} {ergonomic}
    uintx ReservedCodeCacheSize                    = 251658240                              {pd product} {ergonomic}
     bool SegmentedCodeCache                       = true                                      {product} {ergonomic}
   size_t SoftMaxHeapSize                          = 2122317824                             {manageable} {ergonomic}
     bool UseCompressedClassPointers               = true                           {product lp64_product} {ergonomic}
     bool UseCompressedOops                        = true                           {product lp64_product} {ergonomic}
     bool UseG1GC                                  = true                                      {product} {ergonomic}
     bool UseLargePagesIndividualAllocation        = false                                  {pd product} {ergonomic}

Logging:
Log output configuration:
 #0: stdout all=warning uptime,level,tags
 #1: stderr all=off uptime,level,tags

Environment Variables:
JAVA_HOME=E:\android studio\Android Studio\jbr
CLASSPATH=F:\bot\alight motion\Vazra Code\vazra-latest\android\\gradle\wrapper\gradle-wrapper.jar
PATH=E:\android studio\Android Studio\jbr\bin;E:\android studio\flutter\bin\;C:\Windows\system32;C:\Windows;C:\Windows\System32\Wbem;C:\Windows\System32\WindowsPowerShell\v1.0\;C:\Windows\System32\OpenSSH\;E:\code\code\bin;E:\nodeJs;E:\dart SDK\New dart-sdk 3.1\dart-sdk\bin;E:\android studio\flutter\bin;C:\Program Files\Git\cmd;E:\code\Microsoft VS Code\minGW\MinGW\bin;E:\android studio\Android Studio\bin;C:\Program Files\dotnet\;C:\Users\Droid\AppData\Local\Pub\Cache\bin;E:\nodeJs\;F:\postgesql\postgreSQL\15\bin;E:\android studio\sdk\platform-tools;E:\android studio\Java JDK\jdk-21\bin;C:\Users\Droid\AppData\Local\Programs\Python\Python311\Scripts\;C:\Users\Droid\AppData\Local\Programs\Python\Python311\;C:\Users\Droid\AppData\Local\Microsoft\WindowsApps;C:\Users\Droid\AppData\Local\GitHubDesktop\bin;E:\dart SDK\New dart-sdk 3.1\dart-sdk\bin;E:\android studio\flutter\bin;C:\Program Files\heroku\bin;C:\Users\Droid\AppData\Local\Pub\Cache\bin;C:\Users\Droid\AppData\Roaming\npm;C:\Users\Droid\Desktop\WEBpROJECT\ffmpeg-2023-03-05-git-912ac82a3c-full_build\bin;E:\code\code\bin;E:\android studio\Java JDK\jdk-21\bin;;E:\android studio\flutter\bin\mingit\cmd
USERNAME=Droid
LANG=en_US.UTF-8
OS=Windows_NT
PROCESSOR_IDENTIFIER=Intel64 Family 6 Model 69 Stepping 1, GenuineIntel
TMP=C:\Users\Droid\AppData\Local\Temp
TEMP=C:\Users\Droid\AppData\Local\Temp



---------------  S Y S T E M  ---------------

OS:
 Windows 10 , 64 bit Build 19041 (10.0.19041.3636)
OS uptime: 0 days 3:47 hours
Hyper-V role detected

CPU: total 4 (initial active 4) (2 cores per cpu, 2 threads per core) family 6 model 69 stepping 1 microcode 0x26, cx8, cmov, fxsr, ht, mmx, sse, sse2, sse3, ssse3, sse4.1, sse4.2, popcnt, lzcnt, tsc, tscinvbit, avx, avx2, aes, erms, clmul, bmi1, bmi2, fma, vzeroupper, clflush, hv

Memory: 4k page, system-wide physical 8089M (326M free)
TotalPageFile size 20095M (AvailPageFile size 9M)
current process WorkingSet (physical memory assigned to process): 84M, peak: 88M
current process commit charge ("private bytes"): 217M, peak: 222M

vm_info: OpenJDK 64-Bit Server VM (17.0.6+0-b2043.56-9586694) for windows-amd64 JRE (17.0.6+0-b2043.56-9586694), built on Feb  9 2023 20:06:20 by "androidbuild" with MS VC++ 16.10 / 16.11 (VS2019)

END.
